<?xml version="1.0" encoding="UTF-8"?>
<!-- Generated by org.testng.reporters.JUnitXMLReporter -->
<testsuite hostname="Elnuras-MacBook-Air.local" ignored="0" name="Validating NavigationBar" tests="2" failures="0" timestamp="2019-09-17T16:32:30 CDT" time="0.299" errors="0">
  <testcase name="feature" time="0.008" classname="cucumber.api.testng.AbstractTestNGCucumberTests"/>
  <testcase name="feature" time="0.008" classname="cucumber.api.testng.AbstractTestNGCucumberTests"/>
</testsuite> <!-- Validating NavigationBar -->
