<?xml version="1.0" encoding="UTF-8"?>
<!-- Generated by org.testng.reporters.JUnitXMLReporter -->
<testsuite hostname="Elnuras-MacBook-Air.local" ignored="0" name="Validating title on the page" tests="1" failures="1" timestamp="2019-09-12T17:48:09 CDT" time="10.91" errors="0">
  <testcase name="basePageNavigation" time="8.122" classname="elnurainc.ValidateTitle">
    <failure type="java.lang.AssertionError" message="expected:&amp;lt;FEATURED COURSES&amp;gt; but was:&amp;lt;FEATURED COURSES123&amp;gt;">
      <![CDATA[java.lang.AssertionError: expected:<FEATURED COURSES> but was:<FEATURED COURSES123>
at elnurainc.ValidateTitle.basePageNavigation(ValidateTitle.java:37)
at java.util.ArrayList.forEach(ArrayList.java:1257)
... Removed 29 stack frames]]>
    </failure>
  </testcase> <!-- basePageNavigation -->
</testsuite> <!-- Validating title on the page -->
