<?xml version="1.0" encoding="UTF-8"?>
<!-- Generated by org.testng.reporters.JUnitXMLReporter -->
<testsuite hostname="Elnuras-MacBook-Air.local" ignored="0" name="Validating NavigationBar" tests="2" failures="0" timestamp="2019-09-17T16:26:08 CDT" time="0.271" errors="0">
  <testcase name="feature" time="0.007" classname="cucumber.api.testng.AbstractTestNGCucumberTests"/>
  <testcase name="feature" time="0.002" classname="cucumber.api.testng.AbstractTestNGCucumberTests"/>
</testsuite> <!-- Validating NavigationBar -->
